03:30:45.618 [main] INFO  com.intuit.karate.Suite - backed up existing 'target\karate-reports' dir to: target\karate-reports_1711096245616
03:30:46.569 [main] INFO  c.intuit.karate.core.FeatureRuntime - src/test/java/user/get/../put/update-user-information.feature - call by tag at line 4: Test
03:30:46.578 [main] INFO  c.intuit.karate.core.FeatureRuntime - src/test/java/user/get/../post/new-user.feature - call by tag at line 18: Test2
03:30:47.084 [main] DEBUG com.intuit.karate - request:
1 > POST https://petstore.swagger.io/v2/user/
1 > Content-Type: application/json; charset=UTF-8
1 > Content-Length: 137
1 > Host: petstore.swagger.io
1 > Connection: Keep-Alive
1 > User-Agent: Apache-HttpClient/4.5.13 (Java/1.8.0_402)
1 > Accept-Encoding: gzip,deflate
{"id":4,"username":"kevin","firstName":"string","lastName":"string","email":"string","password":"string","phone":"string","userStatus":2}

03:30:47.816 [main] DEBUG com.intuit.karate - response time in milliseconds: 727
1 < 200
1 < Date: Fri, 22 Mar 2024 08:30:48 GMT
1 < Content-Type: application/json
1 < Transfer-Encoding: chunked
1 < Connection: keep-alive
1 < Access-Control-Allow-Origin: *
1 < Access-Control-Allow-Methods: GET, POST, DELETE, PUT
1 < Access-Control-Allow-Headers: Content-Type, api_key, Authorization
1 < Server: Jetty(9.2.9.v20150224)
{"code":200,"type":"unknown","message":"4"}

03:30:47.820 [main] DEBUG c.intuit.karate.core.ScenarioEngine - over-writing existing variable 'var' with new value: {
    "id": 1,
    "username": "joan",
    "firstName": "string",
    "lastName": "string",
    "email": "kjmosquera@example.com",
    "password": "string",
    "phone": "string",
    "userStatus": 2
  }
03:30:47.832 [main] DEBUG com.intuit.karate - request:
2 > PUT https://petstore.swagger.io/v2/user/kevin
2 > Content-Type: application/json; charset=UTF-8
2 > Content-Length: 152
2 > Host: petstore.swagger.io
2 > Connection: Keep-Alive
2 > User-Agent: Apache-HttpClient/4.5.13 (Java/1.8.0_402)
2 > Accept-Encoding: gzip,deflate
{"id":1,"username":"joan","firstName":"string","lastName":"string","email":"kjmosquera@example.com","password":"string","phone":"string","userStatus":2}

03:30:48.083 [main] DEBUG com.intuit.karate - response time in milliseconds: 251
2 < 200
2 < Date: Fri, 22 Mar 2024 08:30:48 GMT
2 < Content-Type: application/json
2 < Transfer-Encoding: chunked
2 < Connection: keep-alive
2 < Access-Control-Allow-Origin: *
2 < Access-Control-Allow-Methods: GET, POST, DELETE, PUT
2 < Access-Control-Allow-Headers: Content-Type, api_key, Authorization
2 < Server: Jetty(9.2.9.v20150224)
{"code":200,"type":"unknown","message":"1"}

03:30:48.084 [main] DEBUG c.intuit.karate.core.ScenarioEngine - over-writing existing variable 'userName' with new value: $var.username
03:30:48.087 [main] DEBUG com.intuit.karate - request:
3 > GET https://petstore.swagger.io/v2/user/joan
3 > Host: petstore.swagger.io
3 > Connection: Keep-Alive
3 > User-Agent: Apache-HttpClient/4.5.13 (Java/1.8.0_402)
3 > Accept-Encoding: gzip,deflate


03:30:48.342 [main] DEBUG com.intuit.karate - response time in milliseconds: 254
3 < 200
3 < Date: Fri, 22 Mar 2024 08:30:49 GMT
3 < Content-Type: application/json
3 < Transfer-Encoding: chunked
3 < Connection: keep-alive
3 < Access-Control-Allow-Origin: *
3 < Access-Control-Allow-Methods: GET, POST, DELETE, PUT
3 < Access-Control-Allow-Headers: Content-Type, api_key, Authorization
3 < Server: Jetty(9.2.9.v20150224)
{"id":1,"username":"joan","firstName":"string","lastName":"string","email":"kjmosquera@example.com","password":"string","phone":"string","userStatus":2}

03:30:49.044 [main] INFO  com.intuit.karate.Suite - <<pass>> feature 1 of 1 (0 remaining) src/test/java/user/get/search-user-modified.feature
03:32:39.337 [main] INFO  com.intuit.karate.Suite - backed up existing 'target\karate-reports' dir to: target\karate-reports_1711096359335
03:32:40.279 [main] INFO  c.intuit.karate.core.FeatureRuntime - src/test/java/user/delete/../put/update-user-information.feature - call by tag at line 4: Test
03:32:40.287 [main] INFO  c.intuit.karate.core.FeatureRuntime - src/test/java/user/delete/../post/new-user.feature - call by tag at line 18: Test2
03:32:40.781 [main] DEBUG com.intuit.karate - request:
1 > POST https://petstore.swagger.io/v2/user/
1 > Content-Type: application/json; charset=UTF-8
1 > Content-Length: 137
1 > Host: petstore.swagger.io
1 > Connection: Keep-Alive
1 > User-Agent: Apache-HttpClient/4.5.13 (Java/1.8.0_402)
1 > Accept-Encoding: gzip,deflate
{"id":4,"username":"kevin","firstName":"string","lastName":"string","email":"string","password":"string","phone":"string","userStatus":2}

03:32:41.511 [main] DEBUG com.intuit.karate - response time in milliseconds: 728
1 < 200
1 < Date: Fri, 22 Mar 2024 08:32:42 GMT
1 < Content-Type: application/json
1 < Transfer-Encoding: chunked
1 < Connection: keep-alive
1 < Access-Control-Allow-Origin: *
1 < Access-Control-Allow-Methods: GET, POST, DELETE, PUT
1 < Access-Control-Allow-Headers: Content-Type, api_key, Authorization
1 < Server: Jetty(9.2.9.v20150224)
{"code":200,"type":"unknown","message":"4"}

03:32:41.516 [main] DEBUG c.intuit.karate.core.ScenarioEngine - over-writing existing variable 'var' with new value: {
    "id": 1,
    "username": "joan",
    "firstName": "string",
    "lastName": "string",
    "email": "kjmosquera@example.com",
    "password": "string",
    "phone": "string",
    "userStatus": 2
  }
03:32:41.528 [main] DEBUG com.intuit.karate - request:
2 > PUT https://petstore.swagger.io/v2/user/kevin
2 > Content-Type: application/json; charset=UTF-8
2 > Content-Length: 152
2 > Host: petstore.swagger.io
2 > Connection: Keep-Alive
2 > User-Agent: Apache-HttpClient/4.5.13 (Java/1.8.0_402)
2 > Accept-Encoding: gzip,deflate
{"id":1,"username":"joan","firstName":"string","lastName":"string","email":"kjmosquera@example.com","password":"string","phone":"string","userStatus":2}

03:32:41.802 [main] DEBUG com.intuit.karate - response time in milliseconds: 274
2 < 200
2 < Date: Fri, 22 Mar 2024 08:32:42 GMT
2 < Content-Type: application/json
2 < Transfer-Encoding: chunked
2 < Connection: keep-alive
2 < Access-Control-Allow-Origin: *
2 < Access-Control-Allow-Methods: GET, POST, DELETE, PUT
2 < Access-Control-Allow-Headers: Content-Type, api_key, Authorization
2 < Server: Jetty(9.2.9.v20150224)
{"code":200,"type":"unknown","message":"1"}

03:32:41.804 [main] DEBUG c.intuit.karate.core.ScenarioEngine - over-writing existing variable 'userName' with new value: $var.username
03:32:41.806 [main] DEBUG com.intuit.karate - request:
3 > DELETE https://petstore.swagger.io/v2/user/joan
3 > Host: petstore.swagger.io
3 > Connection: Keep-Alive
3 > User-Agent: Apache-HttpClient/4.5.13 (Java/1.8.0_402)
3 > Accept-Encoding: gzip,deflate


03:32:42.044 [main] DEBUG com.intuit.karate - response time in milliseconds: 236
3 < 200
3 < Date: Fri, 22 Mar 2024 08:32:42 GMT
3 < Content-Type: application/json
3 < Transfer-Encoding: chunked
3 < Connection: keep-alive
3 < Access-Control-Allow-Origin: *
3 < Access-Control-Allow-Methods: GET, POST, DELETE, PUT
3 < Access-Control-Allow-Headers: Content-Type, api_key, Authorization
3 < Server: Jetty(9.2.9.v20150224)
{"code":200,"type":"unknown","message":"joan"}

03:32:42.740 [main] INFO  com.intuit.karate.Suite - <<pass>> feature 1 of 1 (0 remaining) src/test/java/user/delete/delete-user.feature
03:35:40.809 [Test worker] DEBUG com.intuit.karate.Suite - waiting for 5 features to complete
03:35:41.791 [pool-1-thread-2] INFO  c.intuit.karate.core.FeatureRuntime - classpath:user/get/../post/new-user.feature - call by tag at line 18: Test2
03:35:41.791 [pool-1-thread-1] INFO  c.intuit.karate.core.FeatureRuntime - classpath:user/delete/../put/update-user-information.feature - call by tag at line 4: Test
03:35:41.791 [pool-1-thread-3] INFO  c.intuit.karate.core.FeatureRuntime - classpath:user/get/../put/update-user-information.feature - call by tag at line 4: Test
03:35:41.805 [pool-1-thread-1] INFO  c.intuit.karate.core.FeatureRuntime - classpath:user/delete/../post/new-user.feature - call by tag at line 18: Test2
03:35:41.806 [pool-1-thread-3] INFO  c.intuit.karate.core.FeatureRuntime - classpath:user/get/../post/new-user.feature - call by tag at line 18: Test2
03:35:42.221 [pool-1-thread-4] DEBUG com.intuit.karate - request:
1 > GET https://petstore.swagger.io/v2/user/login?password=12384&username=Joan
1 > Host: petstore.swagger.io
1 > Connection: Keep-Alive
1 > User-Agent: Apache-HttpClient/4.5.13 (Java/1.8.0_402)
1 > Accept-Encoding: gzip,deflate


03:35:42.221 [pool-1-thread-2] DEBUG com.intuit.karate - request:
1 > POST https://petstore.swagger.io/v2/user/
1 > Content-Type: application/json; charset=UTF-8
1 > Content-Length: 137
1 > Host: petstore.swagger.io
1 > Connection: Keep-Alive
1 > User-Agent: Apache-HttpClient/4.5.13 (Java/1.8.0_402)
1 > Accept-Encoding: gzip,deflate
{"id":4,"username":"kevin","firstName":"string","lastName":"string","email":"string","password":"string","phone":"string","userStatus":2}

03:35:42.221 [pool-1-thread-1] DEBUG com.intuit.karate - request:
1 > POST https://petstore.swagger.io/v2/user/
1 > Content-Type: application/json; charset=UTF-8
1 > Content-Length: 137
1 > Host: petstore.swagger.io
1 > Connection: Keep-Alive
1 > User-Agent: Apache-HttpClient/4.5.13 (Java/1.8.0_402)
1 > Accept-Encoding: gzip,deflate
{"id":4,"username":"kevin","firstName":"string","lastName":"string","email":"string","password":"string","phone":"string","userStatus":2}

03:35:42.221 [pool-1-thread-3] DEBUG com.intuit.karate - request:
1 > POST https://petstore.swagger.io/v2/user/
1 > Content-Type: application/json; charset=UTF-8
1 > Content-Length: 137
1 > Host: petstore.swagger.io
1 > Connection: Keep-Alive
1 > User-Agent: Apache-HttpClient/4.5.13 (Java/1.8.0_402)
1 > Accept-Encoding: gzip,deflate
{"id":4,"username":"kevin","firstName":"string","lastName":"string","email":"string","password":"string","phone":"string","userStatus":2}

03:35:43.197 [pool-1-thread-2] DEBUG com.intuit.karate - response time in milliseconds: 973
1 < 200
1 < Date: Fri, 22 Mar 2024 08:35:44 GMT
1 < Content-Type: application/json
1 < Transfer-Encoding: chunked
1 < Connection: keep-alive
1 < Access-Control-Allow-Origin: *
1 < Access-Control-Allow-Methods: GET, POST, DELETE, PUT
1 < Access-Control-Allow-Headers: Content-Type, api_key, Authorization
1 < Server: Jetty(9.2.9.v20150224)
{"code":200,"type":"unknown","message":"4"}

03:35:43.215 [pool-1-thread-2] DEBUG com.intuit.karate - request:
2 > GET https://petstore.swagger.io/v2/user/kevin
2 > Host: petstore.swagger.io
2 > Connection: Keep-Alive
2 > User-Agent: Apache-HttpClient/4.5.13 (Java/1.8.0_402)
2 > Accept-Encoding: gzip,deflate


03:35:43.224 [pool-1-thread-1] DEBUG com.intuit.karate - response time in milliseconds: 1002
1 < 200
1 < Date: Fri, 22 Mar 2024 08:35:44 GMT
1 < Content-Type: application/json
1 < Transfer-Encoding: chunked
1 < Connection: keep-alive
1 < Access-Control-Allow-Origin: *
1 < Access-Control-Allow-Methods: GET, POST, DELETE, PUT
1 < Access-Control-Allow-Headers: Content-Type, api_key, Authorization
1 < Server: Jetty(9.2.9.v20150224)
{"code":200,"type":"unknown","message":"4"}

03:35:43.227 [pool-1-thread-1] DEBUG c.intuit.karate.core.ScenarioEngine - over-writing existing variable 'var' with new value: {
    "id": 1,
    "username": "joan",
    "firstName": "string",
    "lastName": "string",
    "email": "kjmosquera@example.com",
    "password": "string",
    "phone": "string",
    "userStatus": 2
  }
03:35:43.231 [pool-1-thread-1] DEBUG com.intuit.karate - request:
2 > PUT https://petstore.swagger.io/v2/user/kevin
2 > Content-Type: application/json; charset=UTF-8
2 > Content-Length: 152
2 > Host: petstore.swagger.io
2 > Connection: Keep-Alive
2 > User-Agent: Apache-HttpClient/4.5.13 (Java/1.8.0_402)
2 > Accept-Encoding: gzip,deflate
{"id":1,"username":"joan","firstName":"string","lastName":"string","email":"kjmosquera@example.com","password":"string","phone":"string","userStatus":2}

03:35:43.240 [pool-1-thread-3] DEBUG com.intuit.karate - response time in milliseconds: 1017
1 < 200
1 < Date: Fri, 22 Mar 2024 08:35:44 GMT
1 < Content-Type: application/json
1 < Transfer-Encoding: chunked
1 < Connection: keep-alive
1 < Access-Control-Allow-Origin: *
1 < Access-Control-Allow-Methods: GET, POST, DELETE, PUT
1 < Access-Control-Allow-Headers: Content-Type, api_key, Authorization
1 < Server: Jetty(9.2.9.v20150224)
{"code":200,"type":"unknown","message":"4"}

03:35:43.243 [pool-1-thread-3] DEBUG c.intuit.karate.core.ScenarioEngine - over-writing existing variable 'var' with new value: {
    "id": 1,
    "username": "joan",
    "firstName": "string",
    "lastName": "string",
    "email": "kjmosquera@example.com",
    "password": "string",
    "phone": "string",
    "userStatus": 2
  }
03:35:43.247 [pool-1-thread-3] DEBUG com.intuit.karate - request:
2 > PUT https://petstore.swagger.io/v2/user/kevin
2 > Content-Type: application/json; charset=UTF-8
2 > Content-Length: 152
2 > Host: petstore.swagger.io
2 > Connection: Keep-Alive
2 > User-Agent: Apache-HttpClient/4.5.13 (Java/1.8.0_402)
2 > Accept-Encoding: gzip,deflate
{"id":1,"username":"joan","firstName":"string","lastName":"string","email":"kjmosquera@example.com","password":"string","phone":"string","userStatus":2}

03:35:43.330 [pool-1-thread-4] DEBUG com.intuit.karate - response time in milliseconds: 1109
1 < 200
1 < Date: Fri, 22 Mar 2024 08:35:44 GMT
1 < Content-Type: application/json
1 < Transfer-Encoding: chunked
1 < Connection: keep-alive
1 < Access-Control-Allow-Origin: *
1 < Access-Control-Allow-Methods: GET, POST, DELETE, PUT
1 < Access-Control-Allow-Headers: Content-Type, api_key, Authorization
1 < X-Expires-After: Fri Mar 22 09:35:44 UTC 2024
1 < X-Rate-Limit: 5000
1 < Server: Jetty(9.2.9.v20150224)
{"code":200,"type":"unknown","message":"logged in user session:1711096544192"}

03:35:43.340 [pool-1-thread-4] DEBUG com.intuit.karate - request:
1 > POST https://petstore.swagger.io/v2/user/
1 > Content-Type: application/json; charset=UTF-8
1 > Content-Length: 137
1 > Host: petstore.swagger.io
1 > Connection: Keep-Alive
1 > User-Agent: Apache-HttpClient/4.5.13 (Java/1.8.0_402)
1 > Accept-Encoding: gzip,deflate
{"id":4,"username":"kevin","firstName":"string","lastName":"string","email":"string","password":"string","phone":"string","userStatus":2}

03:35:43.460 [pool-1-thread-2] DEBUG com.intuit.karate - response time in milliseconds: 244
2 < 200
2 < Date: Fri, 22 Mar 2024 08:35:44 GMT
2 < Content-Type: application/json
2 < Transfer-Encoding: chunked
2 < Connection: keep-alive
2 < Access-Control-Allow-Origin: *
2 < Access-Control-Allow-Methods: GET, POST, DELETE, PUT
2 < Access-Control-Allow-Headers: Content-Type, api_key, Authorization
2 < Server: Jetty(9.2.9.v20150224)
{"id":4,"username":"kevin","firstName":"string","lastName":"string","email":"string","password":"string","phone":"string","userStatus":2}

03:35:43.470 [pool-1-thread-2] INFO  c.intuit.karate.core.FeatureRuntime - classpath:user/put/../post/new-user.feature - call by tag at line 18: Test2
03:35:43.477 [pool-1-thread-1] DEBUG com.intuit.karate - response time in milliseconds: 246
2 < 200
2 < Date: Fri, 22 Mar 2024 08:35:44 GMT
2 < Content-Type: application/json
2 < Transfer-Encoding: chunked
2 < Connection: keep-alive
2 < Access-Control-Allow-Origin: *
2 < Access-Control-Allow-Methods: GET, POST, DELETE, PUT
2 < Access-Control-Allow-Headers: Content-Type, api_key, Authorization
2 < Server: Jetty(9.2.9.v20150224)
{"code":200,"type":"unknown","message":"1"}

03:35:43.478 [pool-1-thread-2] DEBUG com.intuit.karate - request:
1 > POST https://petstore.swagger.io/v2/user/
1 > Content-Type: application/json; charset=UTF-8
1 > Content-Length: 137
1 > Host: petstore.swagger.io
1 > Connection: Keep-Alive
1 > User-Agent: Apache-HttpClient/4.5.13 (Java/1.8.0_402)
1 > Accept-Encoding: gzip,deflate
{"id":4,"username":"kevin","firstName":"string","lastName":"string","email":"string","password":"string","phone":"string","userStatus":2}

03:35:43.479 [pool-1-thread-1] DEBUG c.intuit.karate.core.ScenarioEngine - over-writing existing variable 'userName' with new value: $var.username
03:35:43.482 [pool-1-thread-1] DEBUG com.intuit.karate - request:
3 > DELETE https://petstore.swagger.io/v2/user/joan
3 > Host: petstore.swagger.io
3 > Connection: Keep-Alive
3 > User-Agent: Apache-HttpClient/4.5.13 (Java/1.8.0_402)
3 > Accept-Encoding: gzip,deflate


03:35:43.500 [pool-1-thread-3] DEBUG com.intuit.karate - response time in milliseconds: 253
2 < 200
2 < Date: Fri, 22 Mar 2024 08:35:44 GMT
2 < Content-Type: application/json
2 < Transfer-Encoding: chunked
2 < Connection: keep-alive
2 < Access-Control-Allow-Origin: *
2 < Access-Control-Allow-Methods: GET, POST, DELETE, PUT
2 < Access-Control-Allow-Headers: Content-Type, api_key, Authorization
2 < Server: Jetty(9.2.9.v20150224)
{"code":200,"type":"unknown","message":"1"}

03:35:43.502 [pool-1-thread-3] DEBUG c.intuit.karate.core.ScenarioEngine - over-writing existing variable 'userName' with new value: $var.username
03:35:43.507 [pool-1-thread-3] DEBUG com.intuit.karate - request:
3 > GET https://petstore.swagger.io/v2/user/joan
3 > Host: petstore.swagger.io
3 > Connection: Keep-Alive
3 > User-Agent: Apache-HttpClient/4.5.13 (Java/1.8.0_402)
3 > Accept-Encoding: gzip,deflate


03:35:43.597 [pool-1-thread-4] DEBUG com.intuit.karate - response time in milliseconds: 257
1 < 200
1 < Date: Fri, 22 Mar 2024 08:35:44 GMT
1 < Content-Type: application/json
1 < Transfer-Encoding: chunked
1 < Connection: keep-alive
1 < Access-Control-Allow-Origin: *
1 < Access-Control-Allow-Methods: GET, POST, DELETE, PUT
1 < Access-Control-Allow-Headers: Content-Type, api_key, Authorization
1 < Server: Jetty(9.2.9.v20150224)
{"code":200,"type":"unknown","message":"4"}

03:35:43.726 [pool-1-thread-2] DEBUG com.intuit.karate - response time in milliseconds: 247
1 < 200
1 < Date: Fri, 22 Mar 2024 08:35:44 GMT
1 < Content-Type: application/json
1 < Transfer-Encoding: chunked
1 < Connection: keep-alive
1 < Access-Control-Allow-Origin: *
1 < Access-Control-Allow-Methods: GET, POST, DELETE, PUT
1 < Access-Control-Allow-Headers: Content-Type, api_key, Authorization
1 < Server: Jetty(9.2.9.v20150224)
{"code":200,"type":"unknown","message":"4"}

03:35:43.728 [pool-1-thread-2] DEBUG c.intuit.karate.core.ScenarioEngine - over-writing existing variable 'var' with new value: {
    "id": 1,
    "username": "joan",
    "firstName": "string",
    "lastName": "string",
    "email": "kjmosquera@example.com",
    "password": "string",
    "phone": "string",
    "userStatus": 2
  }
03:35:43.731 [pool-1-thread-2] DEBUG com.intuit.karate - request:
2 > PUT https://petstore.swagger.io/v2/user/kevin
2 > Content-Type: application/json; charset=UTF-8
2 > Content-Length: 152
2 > Host: petstore.swagger.io
2 > Connection: Keep-Alive
2 > User-Agent: Apache-HttpClient/4.5.13 (Java/1.8.0_402)
2 > Accept-Encoding: gzip,deflate
{"id":1,"username":"joan","firstName":"string","lastName":"string","email":"kjmosquera@example.com","password":"string","phone":"string","userStatus":2}

03:35:43.737 [pool-1-thread-1] DEBUG com.intuit.karate - response time in milliseconds: 255
3 < 200
3 < Date: Fri, 22 Mar 2024 08:35:44 GMT
3 < Content-Type: application/json
3 < Transfer-Encoding: chunked
3 < Connection: keep-alive
3 < Access-Control-Allow-Origin: *
3 < Access-Control-Allow-Methods: GET, POST, DELETE, PUT
3 < Access-Control-Allow-Headers: Content-Type, api_key, Authorization
3 < Server: Jetty(9.2.9.v20150224)
{"code":200,"type":"unknown","message":"joan"}

03:35:43.768 [pool-1-thread-3] DEBUG com.intuit.karate - response time in milliseconds: 261
3 < 404
3 < Date: Fri, 22 Mar 2024 08:35:44 GMT
3 < Content-Type: application/json
3 < Transfer-Encoding: chunked
3 < Connection: keep-alive
3 < Access-Control-Allow-Origin: *
3 < Access-Control-Allow-Methods: GET, POST, DELETE, PUT
3 < Access-Control-Allow-Headers: Content-Type, api_key, Authorization
3 < Server: Jetty(9.2.9.v20150224)
{"code":1,"type":"error","message":"User not found"}

03:35:43.770 [pool-1-thread-3] ERROR com.intuit.karate - classpath:user/get/search-user-modified.feature:9
Then status 200
status code was: 404, expected: 200, response time in milliseconds: 261, url: https://petstore.swagger.io/v2/user/joan, response: 
{"code":1,"type":"error","message":"User not found"}
classpath:user/get/search-user-modified.feature:9
03:35:43.987 [pool-1-thread-2] DEBUG com.intuit.karate - response time in milliseconds: 256
2 < 200
2 < Date: Fri, 22 Mar 2024 08:35:44 GMT
2 < Content-Type: application/json
2 < Transfer-Encoding: chunked
2 < Connection: keep-alive
2 < Access-Control-Allow-Origin: *
2 < Access-Control-Allow-Methods: GET, POST, DELETE, PUT
2 < Access-Control-Allow-Headers: Content-Type, api_key, Authorization
2 < Server: Jetty(9.2.9.v20150224)
{"code":200,"type":"unknown","message":"1"}

03:35:43.989 [pool-1-thread-2] DEBUG c.intuit.karate.core.ScenarioEngine - over-writing existing variable 'userName' with new value: $var.username
03:35:44.520 [pool-2-thread-1] INFO  com.intuit.karate.Suite - <<pass>> feature 1 of 5 (4 remaining) classpath:user/delete/delete-user.feature
03:35:44.596 [pool-2-thread-1] INFO  com.intuit.karate.Suite - <<pass>> feature 2 of 5 (3 remaining) classpath:user/get/search-new-user.feature
03:35:44.679 [pool-2-thread-1] INFO  com.intuit.karate.Suite - <<fail>> feature 3 of 5 (2 remaining) classpath:user/get/search-user-modified.feature
03:35:44.737 [pool-2-thread-1] INFO  com.intuit.karate.Suite - <<pass>> feature 4 of 5 (1 remaining) classpath:user/post/new-user.feature
03:35:44.803 [pool-2-thread-1] INFO  com.intuit.karate.Suite - <<pass>> feature 5 of 5 (0 remaining) classpath:user/put/update-user-information.feature
03:37:22.476 [Test worker] DEBUG com.intuit.karate.Suite - waiting for 5 features to complete
03:37:23.498 [pool-1-thread-1] INFO  c.intuit.karate.core.FeatureRuntime - classpath:user/delete/../put/update-user-information.feature - call by tag at line 4: Test
03:37:23.498 [pool-1-thread-3] INFO  c.intuit.karate.core.FeatureRuntime - classpath:user/get/../put/update-user-information.feature - call by tag at line 4: Test
03:37:23.498 [pool-1-thread-2] INFO  c.intuit.karate.core.FeatureRuntime - classpath:user/get/../post/new-user.feature - call by tag at line 18: Test2
03:37:23.509 [pool-1-thread-3] INFO  c.intuit.karate.core.FeatureRuntime - classpath:user/get/../post/new-user.feature - call by tag at line 18: Test2
03:37:23.510 [pool-1-thread-1] INFO  c.intuit.karate.core.FeatureRuntime - classpath:user/delete/../post/new-user.feature - call by tag at line 18: Test2
03:37:23.886 [pool-1-thread-4] DEBUG com.intuit.karate - request:
1 > GET https://petstore.swagger.io/v2/user/login?password=12384&username=Joan
1 > Host: petstore.swagger.io
1 > Connection: Keep-Alive
1 > User-Agent: Apache-HttpClient/4.5.13 (Java/1.8.0_402)
1 > Accept-Encoding: gzip,deflate


03:37:23.887 [pool-1-thread-1] DEBUG com.intuit.karate - request:
1 > POST https://petstore.swagger.io/v2/user/
1 > Content-Type: application/json; charset=UTF-8
1 > Content-Length: 137
1 > Host: petstore.swagger.io
1 > Connection: Keep-Alive
1 > User-Agent: Apache-HttpClient/4.5.13 (Java/1.8.0_402)
1 > Accept-Encoding: gzip,deflate
{"id":4,"username":"kevin","firstName":"string","lastName":"string","email":"string","password":"string","phone":"string","userStatus":2}

03:37:23.887 [pool-1-thread-2] DEBUG com.intuit.karate - request:
1 > POST https://petstore.swagger.io/v2/user/
1 > Content-Type: application/json; charset=UTF-8
1 > Content-Length: 137
1 > Host: petstore.swagger.io
1 > Connection: Keep-Alive
1 > User-Agent: Apache-HttpClient/4.5.13 (Java/1.8.0_402)
1 > Accept-Encoding: gzip,deflate
{"id":4,"username":"kevin","firstName":"string","lastName":"string","email":"string","password":"string","phone":"string","userStatus":2}

03:37:23.887 [pool-1-thread-3] DEBUG com.intuit.karate - request:
1 > POST https://petstore.swagger.io/v2/user/
1 > Content-Type: application/json; charset=UTF-8
1 > Content-Length: 137
1 > Host: petstore.swagger.io
1 > Connection: Keep-Alive
1 > User-Agent: Apache-HttpClient/4.5.13 (Java/1.8.0_402)
1 > Accept-Encoding: gzip,deflate
{"id":4,"username":"kevin","firstName":"string","lastName":"string","email":"string","password":"string","phone":"string","userStatus":2}

03:37:24.583 [pool-1-thread-2] DEBUG com.intuit.karate - response time in milliseconds: 691
1 < 200
1 < Date: Fri, 22 Mar 2024 08:37:25 GMT
1 < Content-Type: application/json
1 < Transfer-Encoding: chunked
1 < Connection: keep-alive
1 < Access-Control-Allow-Origin: *
1 < Access-Control-Allow-Methods: GET, POST, DELETE, PUT
1 < Access-Control-Allow-Headers: Content-Type, api_key, Authorization
1 < Server: Jetty(9.2.9.v20150224)
{"code":200,"type":"unknown","message":"4"}

03:37:24.583 [pool-1-thread-3] DEBUG com.intuit.karate - response time in milliseconds: 691
1 < 200
1 < Date: Fri, 22 Mar 2024 08:37:25 GMT
1 < Content-Type: application/json
1 < Transfer-Encoding: chunked
1 < Connection: keep-alive
1 < Access-Control-Allow-Origin: *
1 < Access-Control-Allow-Methods: GET, POST, DELETE, PUT
1 < Access-Control-Allow-Headers: Content-Type, api_key, Authorization
1 < Server: Jetty(9.2.9.v20150224)
{"code":200,"type":"unknown","message":"4"}

03:37:24.583 [pool-1-thread-4] DEBUG com.intuit.karate - response time in milliseconds: 692
1 < 200
1 < Date: Fri, 22 Mar 2024 08:37:25 GMT
1 < Content-Type: application/json
1 < Transfer-Encoding: chunked
1 < Connection: keep-alive
1 < Access-Control-Allow-Origin: *
1 < Access-Control-Allow-Methods: GET, POST, DELETE, PUT
1 < Access-Control-Allow-Headers: Content-Type, api_key, Authorization
1 < X-Expires-After: Fri Mar 22 09:37:25 UTC 2024
1 < X-Rate-Limit: 5000
1 < Server: Jetty(9.2.9.v20150224)
{"code":200,"type":"unknown","message":"logged in user session:1711096645413"}

03:37:24.583 [pool-1-thread-1] DEBUG com.intuit.karate - response time in milliseconds: 692
1 < 200
1 < Date: Fri, 22 Mar 2024 08:37:25 GMT
1 < Content-Type: application/json
1 < Transfer-Encoding: chunked
1 < Connection: keep-alive
1 < Access-Control-Allow-Origin: *
1 < Access-Control-Allow-Methods: GET, POST, DELETE, PUT
1 < Access-Control-Allow-Headers: Content-Type, api_key, Authorization
1 < Server: Jetty(9.2.9.v20150224)
{"code":200,"type":"unknown","message":"4"}

03:37:24.598 [pool-1-thread-1] DEBUG c.intuit.karate.core.ScenarioEngine - over-writing existing variable 'var' with new value: {
    "id": 1,
    "username": "joan",
    "firstName": "string",
    "lastName": "string",
    "email": "kjmosquera@example.com",
    "password": "string",
    "phone": "string",
    "userStatus": 2
  }
03:37:24.598 [pool-1-thread-3] DEBUG c.intuit.karate.core.ScenarioEngine - over-writing existing variable 'var' with new value: {
    "id": 1,
    "username": "joan",
    "firstName": "string",
    "lastName": "string",
    "email": "kjmosquera@example.com",
    "password": "string",
    "phone": "string",
    "userStatus": 2
  }
03:37:24.609 [pool-1-thread-4] DEBUG com.intuit.karate - request:
1 > POST https://petstore.swagger.io/v2/user/
1 > Content-Type: application/json; charset=UTF-8
1 > Content-Length: 137
1 > Host: petstore.swagger.io
1 > Connection: Keep-Alive
1 > User-Agent: Apache-HttpClient/4.5.13 (Java/1.8.0_402)
1 > Accept-Encoding: gzip,deflate
{"id":4,"username":"kevin","firstName":"string","lastName":"string","email":"string","password":"string","phone":"string","userStatus":2}

03:37:24.620 [pool-1-thread-1] DEBUG com.intuit.karate - request:
2 > PUT https://petstore.swagger.io/v2/user/kevin
2 > Content-Type: application/json; charset=UTF-8
2 > Content-Length: 152
2 > Host: petstore.swagger.io
2 > Connection: Keep-Alive
2 > User-Agent: Apache-HttpClient/4.5.13 (Java/1.8.0_402)
2 > Accept-Encoding: gzip,deflate
{"id":1,"username":"joan","firstName":"string","lastName":"string","email":"kjmosquera@example.com","password":"string","phone":"string","userStatus":2}

03:37:24.620 [pool-1-thread-3] DEBUG com.intuit.karate - request:
2 > PUT https://petstore.swagger.io/v2/user/kevin
2 > Content-Type: application/json; charset=UTF-8
2 > Content-Length: 152
2 > Host: petstore.swagger.io
2 > Connection: Keep-Alive
2 > User-Agent: Apache-HttpClient/4.5.13 (Java/1.8.0_402)
2 > Accept-Encoding: gzip,deflate
{"id":1,"username":"joan","firstName":"string","lastName":"string","email":"kjmosquera@example.com","password":"string","phone":"string","userStatus":2}

03:37:24.620 [pool-1-thread-2] DEBUG com.intuit.karate - request:
2 > GET https://petstore.swagger.io/v2/user/kevin
2 > Host: petstore.swagger.io
2 > Connection: Keep-Alive
2 > User-Agent: Apache-HttpClient/4.5.13 (Java/1.8.0_402)
2 > Accept-Encoding: gzip,deflate


03:37:24.858 [pool-1-thread-4] DEBUG com.intuit.karate - response time in milliseconds: 249
1 < 200
1 < Date: Fri, 22 Mar 2024 08:37:25 GMT
1 < Content-Type: application/json
1 < Transfer-Encoding: chunked
1 < Connection: keep-alive
1 < Access-Control-Allow-Origin: *
1 < Access-Control-Allow-Methods: GET, POST, DELETE, PUT
1 < Access-Control-Allow-Headers: Content-Type, api_key, Authorization
1 < Server: Jetty(9.2.9.v20150224)
{"code":200,"type":"unknown","message":"4"}

03:37:24.877 [pool-1-thread-4] INFO  c.intuit.karate.core.FeatureRuntime - classpath:user/put/../post/new-user.feature - call by tag at line 18: Test2
03:37:24.879 [pool-1-thread-2] DEBUG com.intuit.karate - response time in milliseconds: 258
2 < 200
2 < Date: Fri, 22 Mar 2024 08:37:25 GMT
2 < Content-Type: application/json
2 < Transfer-Encoding: chunked
2 < Connection: keep-alive
2 < Access-Control-Allow-Origin: *
2 < Access-Control-Allow-Methods: GET, POST, DELETE, PUT
2 < Access-Control-Allow-Headers: Content-Type, api_key, Authorization
2 < Server: Jetty(9.2.9.v20150224)
{"id":4,"username":"kevin","firstName":"string","lastName":"string","email":"string","password":"string","phone":"string","userStatus":2}

03:37:24.879 [pool-1-thread-1] DEBUG com.intuit.karate - response time in milliseconds: 259
2 < 200
2 < Date: Fri, 22 Mar 2024 08:37:25 GMT
2 < Content-Type: application/json
2 < Transfer-Encoding: chunked
2 < Connection: keep-alive
2 < Access-Control-Allow-Origin: *
2 < Access-Control-Allow-Methods: GET, POST, DELETE, PUT
2 < Access-Control-Allow-Headers: Content-Type, api_key, Authorization
2 < Server: Jetty(9.2.9.v20150224)
{"code":200,"type":"unknown","message":"1"}

03:37:24.879 [pool-1-thread-3] DEBUG com.intuit.karate - response time in milliseconds: 258
2 < 200
2 < Date: Fri, 22 Mar 2024 08:37:25 GMT
2 < Content-Type: application/json
2 < Transfer-Encoding: chunked
2 < Connection: keep-alive
2 < Access-Control-Allow-Origin: *
2 < Access-Control-Allow-Methods: GET, POST, DELETE, PUT
2 < Access-Control-Allow-Headers: Content-Type, api_key, Authorization
2 < Server: Jetty(9.2.9.v20150224)
{"code":200,"type":"unknown","message":"1"}

03:37:24.882 [pool-1-thread-1] DEBUG c.intuit.karate.core.ScenarioEngine - over-writing existing variable 'userName' with new value: $var.username
03:37:24.882 [pool-1-thread-3] DEBUG c.intuit.karate.core.ScenarioEngine - over-writing existing variable 'userName' with new value: $var.username
03:37:24.884 [pool-1-thread-3] DEBUG com.intuit.karate - request:
3 > GET https://petstore.swagger.io/v2/user/joan
3 > Host: petstore.swagger.io
3 > Connection: Keep-Alive
3 > User-Agent: Apache-HttpClient/4.5.13 (Java/1.8.0_402)
3 > Accept-Encoding: gzip,deflate


03:37:24.884 [pool-1-thread-4] DEBUG com.intuit.karate - request:
1 > POST https://petstore.swagger.io/v2/user/
1 > Content-Type: application/json; charset=UTF-8
1 > Content-Length: 137
1 > Host: petstore.swagger.io
1 > Connection: Keep-Alive
1 > User-Agent: Apache-HttpClient/4.5.13 (Java/1.8.0_402)
1 > Accept-Encoding: gzip,deflate
{"id":4,"username":"kevin","firstName":"string","lastName":"string","email":"string","password":"string","phone":"string","userStatus":2}

03:37:24.884 [pool-1-thread-1] DEBUG com.intuit.karate - request:
3 > DELETE https://petstore.swagger.io/v2/user/joan
3 > Host: petstore.swagger.io
3 > Connection: Keep-Alive
3 > User-Agent: Apache-HttpClient/4.5.13 (Java/1.8.0_402)
3 > Accept-Encoding: gzip,deflate


03:37:25.144 [pool-1-thread-1] DEBUG com.intuit.karate - response time in milliseconds: 260
3 < 404
3 < Date: Fri, 22 Mar 2024 08:37:26 GMT
3 < Content-Length: 0
3 < Connection: keep-alive
3 < Access-Control-Allow-Origin: *
3 < Access-Control-Allow-Methods: GET, POST, DELETE, PUT
3 < Access-Control-Allow-Headers: Content-Type, api_key, Authorization
3 < Server: Jetty(9.2.9.v20150224)


03:37:25.144 [pool-1-thread-3] DEBUG com.intuit.karate - response time in milliseconds: 260
3 < 404
3 < Date: Fri, 22 Mar 2024 08:37:26 GMT
3 < Content-Type: application/json
3 < Transfer-Encoding: chunked
3 < Connection: keep-alive
3 < Access-Control-Allow-Origin: *
3 < Access-Control-Allow-Methods: GET, POST, DELETE, PUT
3 < Access-Control-Allow-Headers: Content-Type, api_key, Authorization
3 < Server: Jetty(9.2.9.v20150224)
{"code":1,"type":"error","message":"User not found"}

03:37:25.147 [pool-1-thread-4] DEBUG com.intuit.karate - response time in milliseconds: 263
1 < 200
1 < Date: Fri, 22 Mar 2024 08:37:26 GMT
1 < Content-Type: application/json
1 < Transfer-Encoding: chunked
1 < Connection: keep-alive
1 < Access-Control-Allow-Origin: *
1 < Access-Control-Allow-Methods: GET, POST, DELETE, PUT
1 < Access-Control-Allow-Headers: Content-Type, api_key, Authorization
1 < Server: Jetty(9.2.9.v20150224)
{"code":200,"type":"unknown","message":"4"}

03:37:25.152 [pool-1-thread-1] ERROR com.intuit.karate - classpath:user/delete/delete-user.feature:9
Then status 200
status code was: 404, expected: 200, response time in milliseconds: 260, url: https://petstore.swagger.io/v2/user/joan, response: 

classpath:user/delete/delete-user.feature:9
03:37:25.152 [pool-1-thread-3] ERROR com.intuit.karate - classpath:user/get/search-user-modified.feature:9
Then status 200
status code was: 404, expected: 200, response time in milliseconds: 260, url: https://petstore.swagger.io/v2/user/joan, response: 
{"code":1,"type":"error","message":"User not found"}
classpath:user/get/search-user-modified.feature:9
03:37:25.155 [pool-1-thread-4] DEBUG c.intuit.karate.core.ScenarioEngine - over-writing existing variable 'var' with new value: {
    "id": 1,
    "username": "joan",
    "firstName": "string",
    "lastName": "string",
    "email": "kjmosquera@example.com",
    "password": "string",
    "phone": "string",
    "userStatus": 2
  }
03:37:25.155 [pool-1-thread-4] DEBUG com.intuit.karate - request:
2 > PUT https://petstore.swagger.io/v2/user/kevin
2 > Content-Type: application/json; charset=UTF-8
2 > Content-Length: 152
2 > Host: petstore.swagger.io
2 > Connection: Keep-Alive
2 > User-Agent: Apache-HttpClient/4.5.13 (Java/1.8.0_402)
2 > Accept-Encoding: gzip,deflate
{"id":1,"username":"joan","firstName":"string","lastName":"string","email":"kjmosquera@example.com","password":"string","phone":"string","userStatus":2}

03:37:25.409 [pool-1-thread-4] DEBUG com.intuit.karate - response time in milliseconds: 254
2 < 200
2 < Date: Fri, 22 Mar 2024 08:37:26 GMT
2 < Content-Type: application/json
2 < Transfer-Encoding: chunked
2 < Connection: keep-alive
2 < Access-Control-Allow-Origin: *
2 < Access-Control-Allow-Methods: GET, POST, DELETE, PUT
2 < Access-Control-Allow-Headers: Content-Type, api_key, Authorization
2 < Server: Jetty(9.2.9.v20150224)
{"code":200,"type":"unknown","message":"1"}

03:37:25.410 [pool-1-thread-4] DEBUG c.intuit.karate.core.ScenarioEngine - over-writing existing variable 'userName' with new value: $var.username
03:37:25.899 [pool-2-thread-1] INFO  com.intuit.karate.Suite - <<fail>> feature 1 of 5 (4 remaining) classpath:user/delete/delete-user.feature
03:37:25.969 [pool-2-thread-1] INFO  com.intuit.karate.Suite - <<pass>> feature 2 of 5 (3 remaining) classpath:user/get/search-new-user.feature
03:37:26.052 [pool-2-thread-1] INFO  com.intuit.karate.Suite - <<fail>> feature 3 of 5 (2 remaining) classpath:user/get/search-user-modified.feature
03:37:26.113 [pool-2-thread-1] INFO  com.intuit.karate.Suite - <<pass>> feature 4 of 5 (1 remaining) classpath:user/post/new-user.feature
03:37:26.160 [pool-2-thread-1] INFO  com.intuit.karate.Suite - <<pass>> feature 5 of 5 (0 remaining) classpath:user/put/update-user-information.feature
03:47:15.116 [Test worker] DEBUG com.intuit.karate.Suite - waiting for 5 features to complete
03:47:16.039 [pool-1-thread-2] INFO  c.intuit.karate.core.FeatureRuntime - classpath:user/get/../post/new-user.feature - call by tag at line 18: Test2
03:47:16.039 [pool-1-thread-1] INFO  c.intuit.karate.core.FeatureRuntime - classpath:user/delete/../put/update-user-information.feature - call by tag at line 4: Test
03:47:16.040 [pool-1-thread-3] INFO  c.intuit.karate.core.FeatureRuntime - classpath:user/get/../put/update-user-information.feature - call by tag at line 4: Test
03:47:16.051 [pool-1-thread-3] INFO  c.intuit.karate.core.FeatureRuntime - classpath:user/get/../post/new-user.feature - call by tag at line 18: Test2
03:47:16.051 [pool-1-thread-1] INFO  c.intuit.karate.core.FeatureRuntime - classpath:user/delete/../post/new-user.feature - call by tag at line 18: Test2
03:47:16.434 [pool-1-thread-4] DEBUG com.intuit.karate - request:
1 > GET https://petstore.swagger.io/v2/user/login?password=12384&username=Joan
1 > Host: petstore.swagger.io
1 > Connection: Keep-Alive
1 > User-Agent: Apache-HttpClient/4.5.13 (Java/1.8.0_402)
1 > Accept-Encoding: gzip,deflate


03:47:16.435 [pool-1-thread-1] DEBUG com.intuit.karate - request:
1 > POST https://petstore.swagger.io/v2/user/
1 > Content-Type: application/json; charset=UTF-8
1 > Content-Length: 137
1 > Host: petstore.swagger.io
1 > Connection: Keep-Alive
1 > User-Agent: Apache-HttpClient/4.5.13 (Java/1.8.0_402)
1 > Accept-Encoding: gzip,deflate
{"id":4,"username":"kevin","firstName":"string","lastName":"string","email":"string","password":"string","phone":"string","userStatus":2}

03:47:16.435 [pool-1-thread-3] DEBUG com.intuit.karate - request:
1 > POST https://petstore.swagger.io/v2/user/
1 > Content-Type: application/json; charset=UTF-8
1 > Content-Length: 137
1 > Host: petstore.swagger.io
1 > Connection: Keep-Alive
1 > User-Agent: Apache-HttpClient/4.5.13 (Java/1.8.0_402)
1 > Accept-Encoding: gzip,deflate
{"id":4,"username":"kevin","firstName":"string","lastName":"string","email":"string","password":"string","phone":"string","userStatus":2}

03:47:16.435 [pool-1-thread-2] DEBUG com.intuit.karate - request:
1 > POST https://petstore.swagger.io/v2/user/
1 > Content-Type: application/json; charset=UTF-8
1 > Content-Length: 137
1 > Host: petstore.swagger.io
1 > Connection: Keep-Alive
1 > User-Agent: Apache-HttpClient/4.5.13 (Java/1.8.0_402)
1 > Accept-Encoding: gzip,deflate
{"id":4,"username":"kevin","firstName":"string","lastName":"string","email":"string","password":"string","phone":"string","userStatus":2}

03:47:17.235 [pool-1-thread-3] DEBUG com.intuit.karate - response time in milliseconds: 796
1 < 200
1 < Date: Fri, 22 Mar 2024 08:47:18 GMT
1 < Content-Type: application/json
1 < Transfer-Encoding: chunked
1 < Connection: keep-alive
1 < Access-Control-Allow-Origin: *
1 < Access-Control-Allow-Methods: GET, POST, DELETE, PUT
1 < Access-Control-Allow-Headers: Content-Type, api_key, Authorization
1 < Server: Jetty(9.2.9.v20150224)
{"code":200,"type":"unknown","message":"4"}

03:47:17.235 [pool-1-thread-2] DEBUG com.intuit.karate - response time in milliseconds: 796
1 < 200
1 < Date: Fri, 22 Mar 2024 08:47:18 GMT
1 < Content-Type: application/json
1 < Transfer-Encoding: chunked
1 < Connection: keep-alive
1 < Access-Control-Allow-Origin: *
1 < Access-Control-Allow-Methods: GET, POST, DELETE, PUT
1 < Access-Control-Allow-Headers: Content-Type, api_key, Authorization
1 < Server: Jetty(9.2.9.v20150224)
{"code":200,"type":"unknown","message":"4"}

03:47:17.235 [pool-1-thread-1] DEBUG com.intuit.karate - response time in milliseconds: 796
1 < 200
1 < Date: Fri, 22 Mar 2024 08:47:18 GMT
1 < Content-Type: application/json
1 < Transfer-Encoding: chunked
1 < Connection: keep-alive
1 < Access-Control-Allow-Origin: *
1 < Access-Control-Allow-Methods: GET, POST, DELETE, PUT
1 < Access-Control-Allow-Headers: Content-Type, api_key, Authorization
1 < Server: Jetty(9.2.9.v20150224)
{"code":200,"type":"unknown","message":"4"}

03:47:17.235 [pool-1-thread-4] DEBUG com.intuit.karate - response time in milliseconds: 796
1 < 200
1 < Date: Fri, 22 Mar 2024 08:47:18 GMT
1 < Content-Type: application/json
1 < Transfer-Encoding: chunked
1 < Connection: keep-alive
1 < Access-Control-Allow-Origin: *
1 < Access-Control-Allow-Methods: GET, POST, DELETE, PUT
1 < Access-Control-Allow-Headers: Content-Type, api_key, Authorization
1 < X-Expires-After: Fri Mar 22 09:47:18 UTC 2024
1 < X-Rate-Limit: 5000
1 < Server: Jetty(9.2.9.v20150224)
{"code":200,"type":"unknown","message":"logged in user session:1711097238072"}

03:47:17.246 [pool-1-thread-3] DEBUG c.intuit.karate.core.ScenarioEngine - over-writing existing variable 'var' with new value: {
    "id": 1,
    "username": "joan",
    "firstName": "string",
    "lastName": "string",
    "email": "kjmosquera@example.com",
    "password": "string",
    "phone": "string",
    "userStatus": 2
  }
03:47:17.247 [pool-1-thread-1] DEBUG c.intuit.karate.core.ScenarioEngine - over-writing existing variable 'var' with new value: {
    "id": 1,
    "username": "joan",
    "firstName": "string",
    "lastName": "string",
    "email": "kjmosquera@example.com",
    "password": "string",
    "phone": "string",
    "userStatus": 2
  }
03:47:17.252 [pool-1-thread-4] DEBUG com.intuit.karate - request:
1 > POST https://petstore.swagger.io/v2/user/
1 > Content-Type: application/json; charset=UTF-8
1 > Content-Length: 137
1 > Host: petstore.swagger.io
1 > Connection: Keep-Alive
1 > User-Agent: Apache-HttpClient/4.5.13 (Java/1.8.0_402)
1 > Accept-Encoding: gzip,deflate
{"id":4,"username":"kevin","firstName":"string","lastName":"string","email":"string","password":"string","phone":"string","userStatus":2}

03:47:17.266 [pool-1-thread-2] DEBUG com.intuit.karate - request:
2 > GET https://petstore.swagger.io/v2/user/kevin
2 > Host: petstore.swagger.io
2 > Connection: Keep-Alive
2 > User-Agent: Apache-HttpClient/4.5.13 (Java/1.8.0_402)
2 > Accept-Encoding: gzip,deflate


03:47:17.266 [pool-1-thread-3] DEBUG com.intuit.karate - request:
2 > PUT https://petstore.swagger.io/v2/user/kevin
2 > Content-Type: application/json; charset=UTF-8
2 > Content-Length: 152
2 > Host: petstore.swagger.io
2 > Connection: Keep-Alive
2 > User-Agent: Apache-HttpClient/4.5.13 (Java/1.8.0_402)
2 > Accept-Encoding: gzip,deflate
{"id":1,"username":"joan","firstName":"string","lastName":"string","email":"kjmosquera@example.com","password":"string","phone":"string","userStatus":2}

03:47:17.266 [pool-1-thread-1] DEBUG com.intuit.karate - request:
2 > PUT https://petstore.swagger.io/v2/user/kevin
2 > Content-Type: application/json; charset=UTF-8
2 > Content-Length: 152
2 > Host: petstore.swagger.io
2 > Connection: Keep-Alive
2 > User-Agent: Apache-HttpClient/4.5.13 (Java/1.8.0_402)
2 > Accept-Encoding: gzip,deflate
{"id":1,"username":"joan","firstName":"string","lastName":"string","email":"kjmosquera@example.com","password":"string","phone":"string","userStatus":2}

03:47:17.515 [pool-1-thread-4] DEBUG com.intuit.karate - response time in milliseconds: 263
1 < 200
1 < Date: Fri, 22 Mar 2024 08:47:18 GMT
1 < Content-Type: application/json
1 < Transfer-Encoding: chunked
1 < Connection: keep-alive
1 < Access-Control-Allow-Origin: *
1 < Access-Control-Allow-Methods: GET, POST, DELETE, PUT
1 < Access-Control-Allow-Headers: Content-Type, api_key, Authorization
1 < Server: Jetty(9.2.9.v20150224)
{"code":200,"type":"unknown","message":"4"}

03:47:17.530 [pool-1-thread-2] DEBUG com.intuit.karate - response time in milliseconds: 264
2 < 200
2 < Date: Fri, 22 Mar 2024 08:47:18 GMT
2 < Content-Type: application/json
2 < Transfer-Encoding: chunked
2 < Connection: keep-alive
2 < Access-Control-Allow-Origin: *
2 < Access-Control-Allow-Methods: GET, POST, DELETE, PUT
2 < Access-Control-Allow-Headers: Content-Type, api_key, Authorization
2 < Server: Jetty(9.2.9.v20150224)
{"id":4,"username":"kevin","firstName":"string","lastName":"string","email":"string","password":"string","phone":"string","userStatus":2}

03:47:17.540 [pool-1-thread-1] DEBUG com.intuit.karate - response time in milliseconds: 272
2 < 200
2 < Date: Fri, 22 Mar 2024 08:47:18 GMT
2 < Content-Type: application/json
2 < Transfer-Encoding: chunked
2 < Connection: keep-alive
2 < Access-Control-Allow-Origin: *
2 < Access-Control-Allow-Methods: GET, POST, DELETE, PUT
2 < Access-Control-Allow-Headers: Content-Type, api_key, Authorization
2 < Server: Jetty(9.2.9.v20150224)
{"code":200,"type":"unknown","message":"1"}

03:47:17.540 [pool-1-thread-3] DEBUG com.intuit.karate - response time in milliseconds: 273
2 < 200
2 < Date: Fri, 22 Mar 2024 08:47:18 GMT
2 < Content-Type: application/json
2 < Transfer-Encoding: chunked
2 < Connection: keep-alive
2 < Access-Control-Allow-Origin: *
2 < Access-Control-Allow-Methods: GET, POST, DELETE, PUT
2 < Access-Control-Allow-Headers: Content-Type, api_key, Authorization
2 < Server: Jetty(9.2.9.v20150224)
{"code":200,"type":"unknown","message":"1"}

03:47:17.541 [pool-1-thread-4] INFO  c.intuit.karate.core.FeatureRuntime - classpath:user/put/../post/new-user.feature - call by tag at line 18: Test2
03:47:17.544 [pool-1-thread-1] DEBUG c.intuit.karate.core.ScenarioEngine - over-writing existing variable 'userName' with new value: $var.username
03:47:17.544 [pool-1-thread-3] DEBUG c.intuit.karate.core.ScenarioEngine - over-writing existing variable 'userName' with new value: $var.username
03:47:17.551 [pool-1-thread-3] DEBUG com.intuit.karate - request:
3 > GET https://petstore.swagger.io/v2/user/joan
3 > Host: petstore.swagger.io
3 > Connection: Keep-Alive
3 > User-Agent: Apache-HttpClient/4.5.13 (Java/1.8.0_402)
3 > Accept-Encoding: gzip,deflate


03:47:17.551 [pool-1-thread-1] DEBUG com.intuit.karate - request:
3 > DELETE https://petstore.swagger.io/v2/user/joan
3 > Host: petstore.swagger.io
3 > Connection: Keep-Alive
3 > User-Agent: Apache-HttpClient/4.5.13 (Java/1.8.0_402)
3 > Accept-Encoding: gzip,deflate


03:47:17.554 [pool-1-thread-4] DEBUG com.intuit.karate - request:
1 > POST https://petstore.swagger.io/v2/user/
1 > Content-Type: application/json; charset=UTF-8
1 > Content-Length: 137
1 > Host: petstore.swagger.io
1 > Connection: Keep-Alive
1 > User-Agent: Apache-HttpClient/4.5.13 (Java/1.8.0_402)
1 > Accept-Encoding: gzip,deflate
{"id":4,"username":"kevin","firstName":"string","lastName":"string","email":"string","password":"string","phone":"string","userStatus":2}

03:47:17.797 [pool-1-thread-3] DEBUG com.intuit.karate - response time in milliseconds: 245
3 < 200
3 < Date: Fri, 22 Mar 2024 08:47:18 GMT
3 < Content-Type: application/json
3 < Transfer-Encoding: chunked
3 < Connection: keep-alive
3 < Access-Control-Allow-Origin: *
3 < Access-Control-Allow-Methods: GET, POST, DELETE, PUT
3 < Access-Control-Allow-Headers: Content-Type, api_key, Authorization
3 < Server: Jetty(9.2.9.v20150224)
{"id":1,"username":"joan","firstName":"string","lastName":"string","email":"kjmosquera@example.com","password":"string","phone":"string","userStatus":2}

03:47:17.829 [pool-1-thread-1] DEBUG com.intuit.karate - response time in milliseconds: 277
3 < 200
3 < Date: Fri, 22 Mar 2024 08:47:18 GMT
3 < Content-Type: application/json
3 < Transfer-Encoding: chunked
3 < Connection: keep-alive
3 < Access-Control-Allow-Origin: *
3 < Access-Control-Allow-Methods: GET, POST, DELETE, PUT
3 < Access-Control-Allow-Headers: Content-Type, api_key, Authorization
3 < Server: Jetty(9.2.9.v20150224)
{"code":200,"type":"unknown","message":"joan"}

03:47:17.830 [pool-1-thread-4] DEBUG com.intuit.karate - response time in milliseconds: 275
1 < 200
1 < Date: Fri, 22 Mar 2024 08:47:18 GMT
1 < Content-Type: application/json
1 < Transfer-Encoding: chunked
1 < Connection: keep-alive
1 < Access-Control-Allow-Origin: *
1 < Access-Control-Allow-Methods: GET, POST, DELETE, PUT
1 < Access-Control-Allow-Headers: Content-Type, api_key, Authorization
1 < Server: Jetty(9.2.9.v20150224)
{"code":200,"type":"unknown","message":"4"}

03:47:17.836 [pool-1-thread-4] DEBUG c.intuit.karate.core.ScenarioEngine - over-writing existing variable 'var' with new value: {
    "id": 1,
    "username": "joan",
    "firstName": "string",
    "lastName": "string",
    "email": "kjmosquera@example.com",
    "password": "string",
    "phone": "string",
    "userStatus": 2
  }
03:47:17.841 [pool-1-thread-4] DEBUG com.intuit.karate - request:
2 > PUT https://petstore.swagger.io/v2/user/kevin
2 > Content-Type: application/json; charset=UTF-8
2 > Content-Length: 152
2 > Host: petstore.swagger.io
2 > Connection: Keep-Alive
2 > User-Agent: Apache-HttpClient/4.5.13 (Java/1.8.0_402)
2 > Accept-Encoding: gzip,deflate
{"id":1,"username":"joan","firstName":"string","lastName":"string","email":"kjmosquera@example.com","password":"string","phone":"string","userStatus":2}

03:47:18.089 [pool-1-thread-4] DEBUG com.intuit.karate - response time in milliseconds: 248
2 < 200
2 < Date: Fri, 22 Mar 2024 08:47:18 GMT
2 < Content-Type: application/json
2 < Transfer-Encoding: chunked
2 < Connection: keep-alive
2 < Access-Control-Allow-Origin: *
2 < Access-Control-Allow-Methods: GET, POST, DELETE, PUT
2 < Access-Control-Allow-Headers: Content-Type, api_key, Authorization
2 < Server: Jetty(9.2.9.v20150224)
{"code":200,"type":"unknown","message":"1"}

03:47:18.090 [pool-1-thread-4] DEBUG c.intuit.karate.core.ScenarioEngine - over-writing existing variable 'userName' with new value: $var.username
03:47:18.560 [pool-2-thread-1] INFO  com.intuit.karate.Suite - <<pass>> feature 1 of 5 (4 remaining) classpath:user/delete/delete-user.feature
03:47:18.636 [pool-2-thread-1] INFO  com.intuit.karate.Suite - <<pass>> feature 2 of 5 (3 remaining) classpath:user/get/search-new-user.feature
03:47:18.716 [pool-2-thread-1] INFO  com.intuit.karate.Suite - <<pass>> feature 3 of 5 (2 remaining) classpath:user/get/search-user-modified.feature
03:47:18.768 [pool-2-thread-1] INFO  com.intuit.karate.Suite - <<pass>> feature 4 of 5 (1 remaining) classpath:user/post/new-user.feature
03:47:18.823 [pool-2-thread-1] INFO  com.intuit.karate.Suite - <<pass>> feature 5 of 5 (0 remaining) classpath:user/put/update-user-information.feature
03:53:05.933 [Test worker] INFO  c.intuit.karate.core.FeatureRuntime - classpath:user/delete/../put/update-user-information.feature - call by tag at line 4: Test
03:53:05.953 [Test worker] INFO  c.intuit.karate.core.FeatureRuntime - classpath:user/delete/../post/new-user.feature - call by tag at line 18: Test2
03:53:06.499 [Test worker] DEBUG com.intuit.karate - request:
1 > POST https://petstore.swagger.io/v2/user/
1 > Content-Type: application/json; charset=UTF-8
1 > Content-Length: 137
1 > Host: petstore.swagger.io
1 > Connection: Keep-Alive
1 > User-Agent: Apache-HttpClient/4.5.13 (Java/1.8.0_402)
1 > Accept-Encoding: gzip,deflate
{"id":4,"username":"kevin","firstName":"string","lastName":"string","email":"string","password":"string","phone":"string","userStatus":2}

03:53:07.220 [Test worker] DEBUG com.intuit.karate - response time in milliseconds: 718
1 < 200
1 < Date: Fri, 22 Mar 2024 08:53:08 GMT
1 < Content-Type: application/json
1 < Transfer-Encoding: chunked
1 < Connection: keep-alive
1 < Access-Control-Allow-Origin: *
1 < Access-Control-Allow-Methods: GET, POST, DELETE, PUT
1 < Access-Control-Allow-Headers: Content-Type, api_key, Authorization
1 < Server: Jetty(9.2.9.v20150224)
{"code":200,"type":"unknown","message":"4"}

03:53:07.228 [Test worker] DEBUG c.intuit.karate.core.ScenarioEngine - over-writing existing variable 'var' with new value: {
    "id": 1,
    "username": "joan",
    "firstName": "string",
    "lastName": "string",
    "email": "kjmosquera@example.com",
    "password": "string",
    "phone": "string",
    "userStatus": 2
  }
03:53:07.240 [Test worker] DEBUG com.intuit.karate - request:
2 > PUT https://petstore.swagger.io/v2/user/kevin
2 > Content-Type: application/json; charset=UTF-8
2 > Content-Length: 152
2 > Host: petstore.swagger.io
2 > Connection: Keep-Alive
2 > User-Agent: Apache-HttpClient/4.5.13 (Java/1.8.0_402)
2 > Accept-Encoding: gzip,deflate
{"id":1,"username":"joan","firstName":"string","lastName":"string","email":"kjmosquera@example.com","password":"string","phone":"string","userStatus":2}

03:53:07.502 [Test worker] DEBUG com.intuit.karate - response time in milliseconds: 261
2 < 200
2 < Date: Fri, 22 Mar 2024 08:53:08 GMT
2 < Content-Type: application/json
2 < Transfer-Encoding: chunked
2 < Connection: keep-alive
2 < Access-Control-Allow-Origin: *
2 < Access-Control-Allow-Methods: GET, POST, DELETE, PUT
2 < Access-Control-Allow-Headers: Content-Type, api_key, Authorization
2 < Server: Jetty(9.2.9.v20150224)
{"code":200,"type":"unknown","message":"1"}

03:53:07.504 [Test worker] DEBUG c.intuit.karate.core.ScenarioEngine - over-writing existing variable 'userName' with new value: $var.username
03:53:07.507 [Test worker] DEBUG com.intuit.karate - request:
3 > DELETE https://petstore.swagger.io/v2/user/joan
3 > Host: petstore.swagger.io
3 > Connection: Keep-Alive
3 > User-Agent: Apache-HttpClient/4.5.13 (Java/1.8.0_402)
3 > Accept-Encoding: gzip,deflate


03:53:07.755 [Test worker] DEBUG com.intuit.karate - response time in milliseconds: 247
3 < 200
3 < Date: Fri, 22 Mar 2024 08:53:08 GMT
3 < Content-Type: application/json
3 < Transfer-Encoding: chunked
3 < Connection: keep-alive
3 < Access-Control-Allow-Origin: *
3 < Access-Control-Allow-Methods: GET, POST, DELETE, PUT
3 < Access-Control-Allow-Headers: Content-Type, api_key, Authorization
3 < Server: Jetty(9.2.9.v20150224)
{"code":200,"type":"unknown","message":"joan"}

03:56:39.446 [Test worker] INFO  c.intuit.karate.core.FeatureRuntime - classpath:user/put/../post/new-user.feature - call by tag at line 18: Test2
03:56:39.866 [Test worker] DEBUG com.intuit.karate - request:
1 > POST https://petstore.swagger.io/v2/user/
1 > Content-Type: application/json; charset=UTF-8
1 > Content-Length: 137
1 > Host: petstore.swagger.io
1 > Connection: Keep-Alive
1 > User-Agent: Apache-HttpClient/4.5.13 (Java/1.8.0_402)
1 > Accept-Encoding: gzip,deflate
{"id":4,"username":"kevin","firstName":"string","lastName":"string","email":"string","password":"string","phone":"string","userStatus":2}

03:56:40.584 [Test worker] DEBUG com.intuit.karate - response time in milliseconds: 715
1 < 200
1 < Date: Fri, 22 Mar 2024 08:56:41 GMT
1 < Content-Type: application/json
1 < Transfer-Encoding: chunked
1 < Connection: keep-alive
1 < Access-Control-Allow-Origin: *
1 < Access-Control-Allow-Methods: GET, POST, DELETE, PUT
1 < Access-Control-Allow-Headers: Content-Type, api_key, Authorization
1 < Server: Jetty(9.2.9.v20150224)
{"code":200,"type":"unknown","message":"4"}

03:56:40.594 [Test worker] DEBUG c.intuit.karate.core.ScenarioEngine - over-writing existing variable 'var' with new value: {
    "id": 1,
    "username": "joan",
    "firstName": "string",
    "lastName": "string",
    "email": "kjmosquera@example.com",
    "password": "string",
    "phone": "string",
    "userStatus": 2
  }
03:56:40.611 [Test worker] DEBUG com.intuit.karate - request:
2 > PUT https://petstore.swagger.io/v2/user/kevin
2 > Content-Type: application/json; charset=UTF-8
2 > Content-Length: 152
2 > Host: petstore.swagger.io
2 > Connection: Keep-Alive
2 > User-Agent: Apache-HttpClient/4.5.13 (Java/1.8.0_402)
2 > Accept-Encoding: gzip,deflate
{"id":1,"username":"joan","firstName":"string","lastName":"string","email":"kjmosquera@example.com","password":"string","phone":"string","userStatus":2}

03:56:40.863 [Test worker] DEBUG com.intuit.karate - response time in milliseconds: 252
2 < 200
2 < Date: Fri, 22 Mar 2024 08:56:41 GMT
2 < Content-Type: application/json
2 < Transfer-Encoding: chunked
2 < Connection: keep-alive
2 < Access-Control-Allow-Origin: *
2 < Access-Control-Allow-Methods: GET, POST, DELETE, PUT
2 < Access-Control-Allow-Headers: Content-Type, api_key, Authorization
2 < Server: Jetty(9.2.9.v20150224)
{"code":200,"type":"unknown","message":"1"}

03:56:40.867 [Test worker] DEBUG c.intuit.karate.core.ScenarioEngine - over-writing existing variable 'userName' with new value: $var.username
04:04:21.118 [main] INFO  com.intuit.karate.Suite - backed up existing 'target\karate-reports' dir to: target\karate-reports_1711098261115
04:04:21.145 [main] INFO  c.intuit.karate.core.FeatureRuntime - found scenario at line: 5 - ^delete  new user$
04:04:22.159 [main] INFO  c.intuit.karate.core.FeatureRuntime - src/test/java/user/delete/../put/update-user-information.feature - call by tag at line 4: Test
04:04:22.169 [main] INFO  c.intuit.karate.core.FeatureRuntime - src/test/java/user/delete/../post/new-user.feature - call by tag at line 18: Test2
04:04:22.669 [main] DEBUG com.intuit.karate - request:
1 > POST https://petstore.swagger.io/v2/user/
1 > Content-Type: application/json; charset=UTF-8
1 > Content-Length: 137
1 > Host: petstore.swagger.io
1 > Connection: Keep-Alive
1 > User-Agent: Apache-HttpClient/4.5.13 (Java/1.8.0_402)
1 > Accept-Encoding: gzip,deflate
{"id":4,"username":"kevin","firstName":"string","lastName":"string","email":"string","password":"string","phone":"string","userStatus":2}

04:04:23.428 [main] DEBUG com.intuit.karate - response time in milliseconds: 758
1 < 200
1 < Date: Fri, 22 Mar 2024 09:04:24 GMT
1 < Content-Type: application/json
1 < Transfer-Encoding: chunked
1 < Connection: keep-alive
1 < Access-Control-Allow-Origin: *
1 < Access-Control-Allow-Methods: GET, POST, DELETE, PUT
1 < Access-Control-Allow-Headers: Content-Type, api_key, Authorization
1 < Server: Jetty(9.2.9.v20150224)
{"code":200,"type":"unknown","message":"4"}

04:04:23.433 [main] DEBUG c.intuit.karate.core.ScenarioEngine - over-writing existing variable 'var' with new value: {
    "id": 1,
    "username": "joan",
    "firstName": "string",
    "lastName": "string",
    "email": "kjmosquera@example.com",
    "password": "string",
    "phone": "string",
    "userStatus": 2
  }
04:04:23.449 [main] DEBUG com.intuit.karate - request:
2 > PUT https://petstore.swagger.io/v2/user/kevin
2 > Content-Type: application/json; charset=UTF-8
2 > Content-Length: 152
2 > Host: petstore.swagger.io
2 > Connection: Keep-Alive
2 > User-Agent: Apache-HttpClient/4.5.13 (Java/1.8.0_402)
2 > Accept-Encoding: gzip,deflate
{"id":1,"username":"joan","firstName":"string","lastName":"string","email":"kjmosquera@example.com","password":"string","phone":"string","userStatus":2}

04:04:23.699 [main] DEBUG com.intuit.karate - response time in milliseconds: 250
2 < 200
2 < Date: Fri, 22 Mar 2024 09:04:24 GMT
2 < Content-Type: application/json
2 < Transfer-Encoding: chunked
2 < Connection: keep-alive
2 < Access-Control-Allow-Origin: *
2 < Access-Control-Allow-Methods: GET, POST, DELETE, PUT
2 < Access-Control-Allow-Headers: Content-Type, api_key, Authorization
2 < Server: Jetty(9.2.9.v20150224)
{"code":200,"type":"unknown","message":"1"}

04:04:23.700 [main] DEBUG c.intuit.karate.core.ScenarioEngine - over-writing existing variable 'userName' with new value: $var.username
04:04:23.703 [main] DEBUG com.intuit.karate - request:
3 > DELETE https://petstore.swagger.io/v2/user/joan
3 > Host: petstore.swagger.io
3 > Connection: Keep-Alive
3 > User-Agent: Apache-HttpClient/4.5.13 (Java/1.8.0_402)
3 > Accept-Encoding: gzip,deflate


04:04:24.016 [main] DEBUG com.intuit.karate - response time in milliseconds: 313
3 < 200
3 < Date: Fri, 22 Mar 2024 09:04:24 GMT
3 < Content-Type: application/json
3 < Transfer-Encoding: chunked
3 < Connection: keep-alive
3 < Access-Control-Allow-Origin: *
3 < Access-Control-Allow-Methods: GET, POST, DELETE, PUT
3 < Access-Control-Allow-Headers: Content-Type, api_key, Authorization
3 < Server: Jetty(9.2.9.v20150224)
{"code":200,"type":"unknown","message":"joan"}

04:04:24.751 [main] INFO  com.intuit.karate.Suite - <<pass>> feature 1 of 1 (0 remaining) src/test/java/user/delete/delete-user.feature
